<?xml version="1.0" encoding="UTF-8"?>
<testsuite xmlns:xsi="http://www.w3.org/2001/XMLSchema-instance" xsi:noNamespaceSchemaLocation="https://maven.apache.org/surefire/maven-surefire-plugin/xsd/surefire-test-report.xsd" name="test.java.DieTest" time="0.005" tests="21" errors="0" skipped="0" failures="0">
  <properties>
[...]
</properties>
  <testcase name="testFaceValueNotRolled" classname="test.java.DieTest" time="0"/>
  <testcase name="dieRollRangeTests[1]" classname="test.java.DieTest" time="0"/>
  <testcase name="dieRollRangeTests[2]" classname="test.java.DieTest" time="0"/>
  <testcase name="dieRollRangeTests[3]" classname="test.java.DieTest" time="0"/>
  <testcase name="dieRollRangeTests[4]" classname="test.java.DieTest" time="0"/>
  <testcase name="dieRollRangeTests[5]" classname="test.java.DieTest" time="0"/>
  <testcase name="dieRollRangeTests[6]" classname="test.java.DieTest" time="0"/>
  <testcase name="dieRollRangeTests[7]" classname="test.java.DieTest" time="0"/>
  <testcase name="dieRollRangeTests[8]" classname="test.java.DieTest" time="0"/>
  <testcase name="dieRollRangeTests[9]" classname="test.java.DieTest" time="0"/>
  <testcase name="dieRollRangeTests[10]" classname="test.java.DieTest" time="0"/>
  <testcase name="dieRollRangeTests[11]" classname="test.java.DieTest" time="0"/>
  <testcase name="dieRollRangeTests[12]" classname="test.java.DieTest" time="0"/>
  <testcase name="dieRollRangeTests[13]" classname="test.java.DieTest" time="0"/>
  <testcase name="dieRollRangeTests[14]" classname="test.java.DieTest" time="0"/>
  <testcase name="dieRollRangeTests[15]" classname="test.java.DieTest" time="0"/>
  <testcase name="dieRollRangeTests[16]" classname="test.java.DieTest" time="0"/>
  <testcase name="dieRollRangeTests[17]" classname="test.java.DieTest" time="0"/>
  <testcase name="dieRollRangeTests[18]" classname="test.java.DieTest" time="0.001"/>
  <testcase name="dieRollRangeTests[19]" classname="test.java.DieTest" time="0"/>
  <testcase name="dieRollRangeTests[20]" classname="test.java.DieTest" time="0"/>
</testsuite>